2016/11/14 12:14:47 INFO  - jmeter.util.JMeterUtils: Setting Locale to en_US 
2016/11/14 12:14:47 INFO  - jmeter.JMeter: Loading user properties from: D:\JMeter\apache-jmeter-3.0\apache-jmeter-3.0\bin\user.properties 
2016/11/14 12:14:47 INFO  - jmeter.JMeter: Loading system properties from: D:\JMeter\apache-jmeter-3.0\apache-jmeter-3.0\bin\system.properties 
2016/11/14 12:14:47 INFO  - jmeter.JMeter: Copyright (c) 1998-2016 The Apache Software Foundation 
2016/11/14 12:14:47 INFO  - jmeter.JMeter: Version 3.0 r1743807 
2016/11/14 12:14:47 INFO  - jmeter.JMeter: java.version=1.8.0_111 
2016/11/14 12:14:47 INFO  - jmeter.JMeter: java.vm.name=Java HotSpot(TM) Client VM 
2016/11/14 12:14:47 INFO  - jmeter.JMeter: os.name=Windows 7 
2016/11/14 12:14:47 INFO  - jmeter.JMeter: os.arch=x86 
2016/11/14 12:14:47 INFO  - jmeter.JMeter: os.version=6.1 
2016/11/14 12:14:47 INFO  - jmeter.JMeter: file.encoding=Cp1252 
2016/11/14 12:14:47 INFO  - jmeter.JMeter: Max memory     =523501568 
2016/11/14 12:14:47 INFO  - jmeter.JMeter: Available Processors =4 
2016/11/14 12:14:47 INFO  - jmeter.JMeter: Default Locale=English (United States) 
2016/11/14 12:14:47 INFO  - jmeter.JMeter: JMeter  Locale=English (United States) 
2016/11/14 12:14:47 INFO  - jmeter.JMeter: JMeterHome=D:\JMeter\apache-jmeter-3.0\apache-jmeter-3.0 
2016/11/14 12:14:47 INFO  - jmeter.JMeter: user.dir  =D:\JMeter\apache-jmeter-3.0\apache-jmeter-3.0\bin 
2016/11/14 12:14:47 INFO  - jmeter.JMeter: PWD       =D:\JMeter\apache-jmeter-3.0\apache-jmeter-3.0\bin 
2016/11/14 12:14:47 INFO  - jmeter.JMeter: IP: 10.202.97.154 Name: delgverm939083 FullName: delgverm939083.sapient.com 
2016/11/14 12:14:47 INFO  - jmeter.gui.action.LookAndFeelCommand: Using look and feel: com.sun.java.swing.plaf.windows.WindowsLookAndFeel [Windows, System] 
2016/11/14 12:14:47 INFO  - jmeter.JMeter: Loaded icon properties from org/apache/jmeter/images/icon.properties 
2016/11/14 12:14:48 INFO  - jmeter.engine.util.CompoundVariable: Note: Function class names must contain the string: '.functions.' 
2016/11/14 12:14:48 INFO  - jmeter.engine.util.CompoundVariable: Note: Function class names must not contain the string: '.gui.' 
2016/11/14 12:14:49 INFO  - jmeter.util.BSFTestElement: Registering JMeter version of JavaScript engine as work-round for BSF-22 
2016/11/14 12:14:50 INFO  - jmeter.protocol.http.sampler.HTTPSamplerBase: Parser for text/html is org.apache.jmeter.protocol.http.parser.LagartoBasedHtmlParser 
2016/11/14 12:14:50 INFO  - jmeter.protocol.http.sampler.HTTPSamplerBase: Parser for application/xhtml+xml is org.apache.jmeter.protocol.http.parser.LagartoBasedHtmlParser 
2016/11/14 12:14:50 INFO  - jmeter.protocol.http.sampler.HTTPSamplerBase: Parser for application/xml is org.apache.jmeter.protocol.http.parser.LagartoBasedHtmlParser 
2016/11/14 12:14:50 INFO  - jmeter.protocol.http.sampler.HTTPSamplerBase: Parser for text/xml is org.apache.jmeter.protocol.http.parser.LagartoBasedHtmlParser 
2016/11/14 12:14:50 INFO  - jmeter.protocol.http.sampler.HTTPSamplerBase: Parser for text/vnd.wap.wml is org.apache.jmeter.protocol.http.parser.RegexpHTMLParser 
2016/11/14 12:14:50 INFO  - jmeter.protocol.http.sampler.HTTPSamplerBase: Parser for text/css is org.apache.jmeter.protocol.http.parser.CssParser 
2016/11/14 12:14:51 INFO  - jorphan.exec.KeyToolUtils: keytool found at 'keytool' 
2016/11/14 12:14:51 INFO  - jmeter.protocol.http.proxy.ProxyControl: HTTP(S) Test Script Recorder SSL Proxy will use keys that support embedded 3rd party resources in file D:\JMeter\apache-jmeter-3.0\apache-jmeter-3.0\bin\proxyserver.jks 
2016/11/14 12:14:52 INFO  - jmeter.gui.util.MenuFactory: Skipping org.apache.jmeter.protocol.mongodb.config.MongoSourceElement 
2016/11/14 12:14:52 INFO  - jmeter.gui.util.MenuFactory: Skipping org.apache.jmeter.protocol.mongodb.sampler.MongoScriptSampler 
2016/11/14 12:14:52 INFO  - jmeter.gui.util.MenuFactory: Skipping org.apache.jmeter.visualizers.DistributionGraphVisualizer 
2016/11/14 12:14:52 INFO  - jmeter.samplers.SampleResult: Note: Sample TimeStamps are START times 
2016/11/14 12:14:52 INFO  - jmeter.samplers.SampleResult: sampleresult.default.encoding is set to ISO-8859-1 
2016/11/14 12:14:52 INFO  - jmeter.samplers.SampleResult: sampleresult.useNanoTime=true 
2016/11/14 12:14:52 INFO  - jmeter.samplers.SampleResult: sampleresult.nanoThreadSleep=5000 
2016/11/14 12:14:52 INFO  - jmeter.gui.util.MenuFactory: Skipping org.apache.jmeter.visualizers.SplineVisualizer 
